\BOOKMARK [1][-]{section.1}{Introduction}{}% 2
\BOOKMARK [2][-]{subsection.1.1}{Problem Statement}{section.1}% 3
\BOOKMARK [2][-]{subsection.1.2}{Sylvester Equation}{section.1}% 4
\BOOKMARK [1][-]{section.2}{Scope and Schedule}{}% 5
\BOOKMARK [2][-]{subsection.2.1}{Aim}{section.2}% 6
\BOOKMARK [2][-]{subsection.2.2}{Objectives}{section.2}% 7
\BOOKMARK [2][-]{subsection.2.3}{Deliverables}{section.2}% 8
\BOOKMARK [2][-]{subsection.2.4}{Methodology}{section.2}% 9
\BOOKMARK [2][-]{subsection.2.5}{Tasks, Milestones and Timeline}{section.2}% 10
\BOOKMARK [1][-]{section.3}{Matrix Solvers}{}% 11
\BOOKMARK [2][-]{subsection.3.1}{Direct Methods}{section.3}% 12
\BOOKMARK [3][-]{subsubsection.3.1.1}{Kronecker Product}{subsection.3.1}% 13
\BOOKMARK [3][-]{subsubsection.3.1.2}{Bartels-Stewart Algorithm}{subsection.3.1}% 14
\BOOKMARK [3][-]{subsubsection.3.1.3}{Similarity Transformation}{subsection.3.1}% 15
\BOOKMARK [3][-]{subsubsection.3.1.4}{Shifted System}{subsection.3.1}% 16
\BOOKMARK [2][-]{subsection.3.2}{Iterative Methods}{section.3}% 17
\BOOKMARK [3][-]{subsubsection.3.2.1}{Kronecker Product}{subsection.3.2}% 18
\BOOKMARK [3][-]{subsubsection.3.2.2}{Gradient Based Method}{subsection.3.2}% 19
\BOOKMARK [3][-]{subsubsection.3.2.3}{Modified Conjugate Gradient}{subsection.3.2}% 20
\BOOKMARK [3][-]{subsubsection.3.2.4}{Preconditioned MCG}{subsection.3.2}% 21
\BOOKMARK [1][-]{section.4}{Uncertainty}{}% 22
\BOOKMARK [2][-]{subsection.4.1}{Single Parameter}{section.4}% 23
\BOOKMARK [3][-]{subsubsection.4.1.1}{Monte Carlo}{subsection.4.1}% 24
\BOOKMARK [3][-]{subsubsection.4.1.2}{Stochastic Galerkin}{subsection.4.1}% 25
\BOOKMARK [2][-]{subsection.4.2}{Multiple Parameters}{section.4}% 26
